This is e-pTeX, Version 3.141592653-p4.0.0-220214-2.6 (utf8.euc) (TeX Live 2022) (preloaded format=platex 2022.12.8)  27 MAY 2024 00:36
entering extended mode
 restricted \write18 enabled.
 file:line:error style messages enabled.
 %&-line parsing enabled.
**paper.tex
(./paper.tex
pLaTeX2e <2021-11-15> (based on LaTeX2e <2021-11-15> patch level 1)
L3 programming layer <2022-02-24>
(/usr/local/texlive/2022/texmf-dist/tex/platex/jsclasses/jsarticle.cls
Document Class: jsarticle 2021/06/28 jsclasses (okumura, texjporg)
\jsc@mpt=\dimen154
\jsc@mmm=\dimen155
\jsc@smallskipamount=\skip47
LaTeX Info: Redefining \textmc on input line 497.
LaTeX Info: Redefining \textgt on input line 499.
\symmincho=\mathgroup4
LaTeX Font Info:    Overwriting symbol font `mincho' in version `bold'
(Font)                  JY1/mc/m/n --> JY1/gt/m/n on input line 561.
LaTeX Font Info:    Font shape `JT1/mc/m/n' will be
(Font)              scaled to size 9.60999pt on input line 755.
LaTeX Font Info:    Font shape `JY1/mc/m/n' will be
(Font)              scaled to size 9.60999pt on input line 755.
\fullwidth=\dimen156
LaTeX Font Info:    Font shape `JT1/mc/m/n' will be
(Font)              scaled to size 7.68799pt on input line 908.
LaTeX Font Info:    Font shape `JY1/mc/m/n' will be
(Font)              scaled to size 7.68799pt on input line 908.
\c@part=\count184
\c@section=\count185
\c@subsection=\count186
\c@subsubsection=\count187
\c@paragraph=\count188
\c@subparagraph=\count189
\@abstractbox=\box67
\c@figure=\count190
\c@table=\count191
\abovecaptionskip=\skip48
\belowcaptionskip=\skip49
\jsc@tocl@width=\dimen157
\@lnumwidth=\dimen158
\bibindent=\dimen159
(/usr/local/texlive/2022/texmf-dist/tex/platex/jsclasses/jslogo.sty
Package: jslogo 2019/07/25 okumura, texjporg
LaTeX Info: Redefining \TeX on input line 82.
LaTeX Info: Redefining \LaTeX on input line 135.
LaTeX Info: Redefining \LaTeXe on input line 188.
)
\heisei=\count192
)
(/usr/local/texlive/2022/texmf-dist/tex/latex/graphics/graphicx.sty
Package: graphicx 2021/09/16 v1.2d Enhanced LaTeX Graphics (DPC,SPQR)

(/usr/local/texlive/2022/texmf-dist/tex/latex/graphics/keyval.sty
Package: keyval 2014/10/28 v1.15 key=value parser (DPC)
\KV@toks@=\toks17
)
(/usr/local/texlive/2022/texmf-dist/tex/latex/graphics/graphics.sty
Package: graphics 2021/03/04 v1.4d Standard LaTeX Graphics (DPC,SPQR)

(/usr/local/texlive/2022/texmf-dist/tex/latex/graphics/trig.sty
Package: trig 2021/08/11 v1.11 sin cos tan (DPC)
)
(/usr/local/texlive/2022/texmf-dist/tex/latex/graphics-cfg/graphics.cfg
File: graphics.cfg 2016/06/04 v1.11 sample graphics configuration
)
Package graphics Info: Driver file: dvipdfmx.def on input line 107.

(/usr/local/texlive/2022/texmf-dist/tex/latex/graphics-def/dvipdfmx.def
File: dvipdfmx.def 2021/03/18 v5.0j Graphics/color driver for dvipdfmx
))
\Gin@req@height=\dimen160
\Gin@req@width=\dimen161
)
(/usr/local/texlive/2022/texmf-dist/tex/latex/l3backend/l3backend-dvipdfmx.def
File: l3backend-dvipdfmx.def 2022-02-07 L3 backend support: dvipdfmx

(|extractbb --version)
\c__kernel_sys_dvipdfmx_version_int=\count193
\l__color_backend_stack_int=\count194
\g__color_backend_stack_int=\count195
\g__graphics_track_int=\count196
\l__pdf_internal_box=\box68
\g__pdf_backend_object_int=\count197
\g__pdf_backend_annotation_int=\count198
\g__pdf_backend_link_int=\count199
) (./paper.aux)
\openout1 = `paper.aux'.

LaTeX Font Info:    Checking defaults for OML/cmm/m/it on input line 8.
LaTeX Font Info:    ... okay on input line 8.
LaTeX Font Info:    Checking defaults for OMS/cmsy/m/n on input line 8.
LaTeX Font Info:    ... okay on input line 8.
LaTeX Font Info:    Checking defaults for OT1/cmr/m/n on input line 8.
LaTeX Font Info:    ... okay on input line 8.
LaTeX Font Info:    Checking defaults for T1/cmr/m/n on input line 8.
LaTeX Font Info:    ... okay on input line 8.
LaTeX Font Info:    Checking defaults for TS1/cmr/m/n on input line 8.
LaTeX Font Info:    ... okay on input line 8.
LaTeX Font Info:    Checking defaults for OMX/cmex/m/n on input line 8.
LaTeX Font Info:    ... okay on input line 8.
LaTeX Font Info:    Checking defaults for U/cmr/m/n on input line 8.
LaTeX Font Info:    ... okay on input line 8.
LaTeX Font Info:    Checking defaults for JY1/mc/m/n on input line 8.
LaTeX Font Info:    ... okay on input line 8.
LaTeX Font Info:    Checking defaults for JT1/mc/m/n on input line 8.
LaTeX Font Info:    ... okay on input line 8.
LaTeX Font Info:    Font shape `JT1/mc/m/n' will be
(Font)              scaled to size 16.60605pt on input line 9.
LaTeX Font Info:    Font shape `JY1/mc/m/n' will be
(Font)              scaled to size 16.60605pt on input line 9.
LaTeX Font Info:    Font shape `JT1/mc/m/n' will be
(Font)              scaled to size 11.53198pt on input line 9.
LaTeX Font Info:    Font shape `JY1/mc/m/n' will be
(Font)              scaled to size 11.53198pt on input line 9.
LaTeX Font Info:    External font `cmex10' loaded for size
(Font)              <12> on input line 9.
LaTeX Font Info:    External font `cmex10' loaded for size
(Font)              <8> on input line 9.
LaTeX Font Info:    External font `cmex10' loaded for size
(Font)              <6> on input line 9.
LaTeX Font Info:    Font shape `JY1/mc/m/n' will be
(Font)              scaled to size 5.76599pt on input line 9.
File: images/1.jpg Graphic file (type bmp)
<images/1.jpg>
LaTeX Font Info:    Font shape `JT1/mc/bx/n' in size <10> not available
(Font)              Font shape `JT1/gt/m/n' tried instead on input line 19.
LaTeX Font Info:    Font shape `JT1/gt/m/n' will be
(Font)              scaled to size 9.60999pt on input line 19.
LaTeX Font Info:    Font shape `JY1/mc/bx/n' in size <10> not available
(Font)              Font shape `JY1/gt/m/n' tried instead on input line 19.
LaTeX Font Info:    Font shape `JY1/gt/m/n' will be
(Font)              scaled to size 9.60999pt on input line 19.
LaTeX Font Info:    External font `cmex10' loaded for size
(Font)              <7> on input line 20.
LaTeX Font Info:    External font `cmex10' loaded for size
(Font)              <5> on input line 20.
LaTeX Font Info:    Font shape `JY1/mc/m/n' will be
(Font)              scaled to size 6.72699pt on input line 20.
LaTeX Font Info:    Font shape `JY1/mc/m/n' will be
(Font)              scaled to size 4.805pt on input line 20.
File: images/table2.jpg Graphic file (type bmp)
<images/table2.jpg>
 [1

]
File: images/2.jpg Graphic file (type bmp)
<images/2.jpg>

Overfull \hbox (20.9526pt too wide) in paragraph at lines 30--31
 [][] 
 []

File: images/3.jpg Graphic file (type bmp)
<images/3.jpg>

Overfull \hbox (24.08572pt too wide) in paragraph at lines 34--35
 [][] 
 []

File: images/2-2.jpg Graphic file (type bmp)
<images/2-2.jpg>

Overfull \hbox (19.26889pt too wide) in paragraph at lines 45--46
 [][] 
 []

[2]
File: images/2-3.jpg Graphic file (type bmp)
<images/2-3.jpg>

Overfull \hbox (2.50264pt too wide) in paragraph at lines 58--59
 [][] 
 []

LaTeX Font Info:    Font shape `JT1/mc/m/n' will be
(Font)              scaled to size 6.72699pt on input line 60.
LaTeX Font Info:    Font shape `JT1/mc/m/n' will be
(Font)              scaled to size 5.76599pt on input line 60.
[3

]
File: images/2-4.png Graphic file (type bmp)
<images/2-4.png>
File: images/3-1.jpg Graphic file (type bmp)
<images/3-1.jpg>

Overfull \hbox (6.06894pt too wide) in paragraph at lines 82--83
 [][] 
 []

File: images/3-2.jpg Graphic file (type bmp)
<images/3-2.jpg>

Overfull \hbox (1.34476pt too wide) in paragraph at lines 97--98
 [][] 
 []

File: images/3-3.jpg Graphic file (type bmp)
<images/3-3.jpg>

Overfull \hbox (6.43947pt too wide) in paragraph at lines 104--105
 [][] 
 []

[4

]
File: images/3-4.jpg Graphic file (type bmp)
<images/3-4.jpg>

Overfull \hbox (15.37839pt too wide) in paragraph at lines 110--111
 [][] 
 []

File: images/3-5.jpg Graphic file (type bmp)
<images/3-5.jpg>

Overfull \hbox (15.60995pt too wide) in paragraph at lines 116--117
 [][] 
 []

[5]
File: images/3-6.jpg Graphic file (type bmp)
<images/3-6.jpg>

Overfull \hbox (10.93208pt too wide) in paragraph at lines 126--127
 [][] 
 []

[6]
LaTeX Font Info:    Font shape `JT1/mc/m/n' will be
(Font)              scaled to size 13.83836pt on input line 145.
LaTeX Font Info:    Font shape `JY1/mc/m/n' will be
(Font)              scaled to size 13.83836pt on input line 145.
LaTeX Font Info:    Font shape `JT1/gt/m/n' will be
(Font)              scaled to size 13.83836pt on input line 145.
LaTeX Font Info:    Font shape `JY1/gt/m/n' will be
(Font)              scaled to size 13.83836pt on input line 145.
LaTeX Font Info:    Font shape `JT1/gt/m/n' will be
(Font)              scaled to size 11.53198pt on input line 146.
LaTeX Font Info:    Font shape `JY1/gt/m/n' will be
(Font)              scaled to size 11.53198pt on input line 146.
File: images/51.jpg Graphic file (type bmp)
<images/51.jpg>

Overfull \hbox (34.15425pt too wide) in paragraph at lines 149--150
 [][] 
 []

File: images/53_a.jpg Graphic file (type bmp)
<images/53_a.jpg>

Overfull \hbox (34.15425pt too wide) in paragraph at lines 155--156
 [][] 
 []

File: images/appen.png Graphic file (type bmp)
<images/appen.png>

Overfull \hbox (34.15425pt too wide) in paragraph at lines 170--171
 [][] 
 []


LaTeX Warning: Float too large for page by 53.18996pt on input line 171.

[7] [8]
File: images/59.jpg Graphic file (type bmp)
<images/59.jpg>

Overfull \hbox (34.15425pt too wide) in paragraph at lines 199--200
 [][] 
 []

File: images/59a.jpg Graphic file (type bmp)
<images/59a.jpg>

Overfull \hbox (34.15425pt too wide) in paragraph at lines 204--205
 [][] 
 []

File: images/61.jpg Graphic file (type bmp)
<images/61.jpg>

Overfull \hbox (34.15425pt too wide) in paragraph at lines 212--213
 [][] 
 []

File: images/61a.jpg Graphic file (type bmp)
<images/61a.jpg>

Overfull \hbox (34.15425pt too wide) in paragraph at lines 217--218
 [][] 
 []

[9] [10] (./paper.aux) ) 
Here is how much of TeX's memory you used:
 1236 strings out of 478724
 20034 string characters out of 5858392
 320143 words of memory out of 5000000
 19689 multiletter control sequences out of 15000+600000
 480622 words of font info for 81 fonts, out of 8000000 for 9000
 934 hyphenation exceptions out of 8191
 55i,8n,62p,550b,311s stack positions out of 10000i,1000n,20000p,200000b,200000s

Output written on paper.dvi (10 pages, 18660 bytes).
